This file contains any messages produced by compilers while
running configure, to aid debugging if configure makes a mistake.

It was created by Libvisual Library configure 0.4.0, which was
generated by GNU Autoconf 2.63.  Invocation command line was

  $ ./configure clean

## --------- ##
## Platform. ##
## --------- ##

hostname = localhost.localdomain
uname -m = i686
uname -r = 2.6.31.9-174.fc12.i686.PAE
uname -s = Linux
uname -v = #1 SMP Mon Dec 21 06:04:56 UTC 2009

/usr/bin/uname -p = unknown
/bin/uname -X     = unknown

/bin/arch              = i686
/usr/bin/arch -k       = unknown
/usr/convex/getsysinfo = unknown
/usr/bin/hostinfo      = unknown
/bin/machine           = unknown
/usr/bin/oslevel       = unknown
/bin/universe          = unknown

PATH: /usr/lib/qt-3.3/bin
PATH: /usr/kerberos/sbin
PATH: /usr/kerberos/bin
PATH: /usr/local/bin
PATH: /usr/bin
PATH: /bin
PATH: /usr/local/sbin
PATH: /usr/sbin
PATH: /sbin
PATH: /home/starlon/bin


## ----------- ##
## Core tests. ##
## ----------- ##

configure:2138: checking for a BSD-compatible install
configure:2206: result: /usr/bin/install -c
configure:2217: checking whether build environment is sane
configure:2260: result: yes
configure:2290: checking for gawk
configure:2306: found /usr/bin/gawk
configure:2317: result: gawk
configure:2328: checking whether make sets $(MAKE)
configure:2350: result: yes
configure:2544: checking build system type
configure:2557: error: /bin/sh ./config.sub clean failed

## ---------------- ##
## Cache variables. ##
## ---------------- ##

ac_cv_build=
ac_cv_env_CCC_set=
ac_cv_env_CCC_value=
ac_cv_env_CC_set=
ac_cv_env_CC_value=
ac_cv_env_CFLAGS_set=
ac_cv_env_CFLAGS_value=
ac_cv_env_CPPFLAGS_set=
ac_cv_env_CPPFLAGS_value=
ac_cv_env_CPP_set=
ac_cv_env_CPP_value=
ac_cv_env_CXXCPP_set=
ac_cv_env_CXXCPP_value=
ac_cv_env_CXXFLAGS_set=
ac_cv_env_CXXFLAGS_value=
ac_cv_env_CXX_set=
ac_cv_env_CXX_value=
ac_cv_env_F77_set=
ac_cv_env_F77_value=
ac_cv_env_FFLAGS_set=
ac_cv_env_FFLAGS_value=
ac_cv_env_GTHREAD2_CFLAGS_set=
ac_cv_env_GTHREAD2_CFLAGS_value=
ac_cv_env_GTHREAD2_LIBS_set=
ac_cv_env_GTHREAD2_LIBS_value=
ac_cv_env_LDFLAGS_set=
ac_cv_env_LDFLAGS_value=
ac_cv_env_LIBS_set=
ac_cv_env_LIBS_value=
ac_cv_env_PKG_CONFIG_set=
ac_cv_env_PKG_CONFIG_value=
ac_cv_env_build_alias_set=set
ac_cv_env_build_alias_value=clean
ac_cv_env_host_alias_set=set
ac_cv_env_host_alias_value=clean
ac_cv_env_target_alias_set=set
ac_cv_env_target_alias_value=clean
ac_cv_path_install='/usr/bin/install -c'
ac_cv_prog_AWK=gawk
ac_cv_prog_make_make_set=yes

## ----------------- ##
## Output variables. ##
## ----------------- ##

ACLOCAL='${SHELL} /home/starlon/Downloads/libvisual-svn/libvisual/branches/starlon/missing --run aclocal-1.7'
AMDEPBACKSLASH=''
AMDEP_FALSE=''
AMDEP_TRUE=''
AMTAR='${SHELL} /home/starlon/Downloads/libvisual-svn/libvisual/branches/starlon/missing --run tar'
AR=''
AS=''
AUTOCONF='${SHELL} /home/starlon/Downloads/libvisual-svn/libvisual/branches/starlon/missing --run autoconf'
AUTOHEADER='${SHELL} /home/starlon/Downloads/libvisual-svn/libvisual/branches/starlon/missing --run autoheader'
AUTOMAKE='${SHELL} /home/starlon/Downloads/libvisual-svn/libvisual/branches/starlon/missing --run automake-1.7'
AWK='gawk'
CC=''
CCDEPMODE=''
CFLAGS=''
CPP=''
CPPFLAGS=''
CXX=''
CXXCPP=''
CXXDEPMODE=''
CXXFLAGS=''
CYGPATH_W='echo'
DEBUG_CFLAGS=''
DEFS=''
DEPDIR=''
DLLTOOL=''
ECHO='echo'
ECHO_C=''
ECHO_N='-n'
ECHO_T=''
EGREP=''
EXEEXT=''
F77=''
FFLAGS=''
GETTEXT_PACKAGE=''
GMSGFMT=''
GREP=''
GTHREAD2_CFLAGS=''
GTHREAD2_LIBS=''
INSTALL_DATA='${INSTALL} -m 644'
INSTALL_PROGRAM='${INSTALL}'
INSTALL_SCRIPT='${INSTALL}'
INSTALL_STRIP_PROGRAM='${SHELL} $(install_sh) -c -s'
INTLLIBS=''
INTL_MACOSX_LIBS=''
LDFLAGS=''
LIBICONV=''
LIBINTL=''
LIBOBJS=''
LIBS=''
LIBS_DYNAMIC_LOADER=''
LIBTOOL=''
LIBVISUAL_INCLUDE_DIR=''
LIBVISUAL_PLUGINS_BASE_DIR=''
LIBVISUAL_VERSION_SUFFIX='0.4'
LN_S=''
LTLIBICONV=''
LTLIBINTL=''
LTLIBOBJS=''
LV_THREAD_CFLAGS=''
LV_THREAD_LIBS=''
MAKEINFO='${SHELL} /home/starlon/Downloads/libvisual-svn/libvisual/branches/starlon/missing --run makeinfo'
MKINSTALLDIRS=''
MSGFMT=''
MSGMERGE=''
OBJDUMP=''
OBJEXT=''
OPT_CFLAGS=''
PACKAGE='libvisual'
PACKAGE_BUGREPORT='synap@nerds-incorporated.org'
PACKAGE_NAME='Libvisual Library'
PACKAGE_STRING='Libvisual Library 0.4.0'
PACKAGE_TARNAME='libvisual'
PACKAGE_VERSION='0.4.0'
PATH_SEPARATOR=':'
PKG_CONFIG=''
POSUB=''
RANLIB=''
SET_MAKE=''
SHELL='/bin/sh'
STRIP=''
USE_NLS=''
VERSION='0.4.0'
VISUAL_CFLAGS=''
VISUAL_LIBS=''
VISUAL_PKG_CONFIG_DEP=''
XGETTEXT=''
ac_ct_CC=''
ac_ct_CXX=''
ac_ct_F77=''
am__fastdepCC_FALSE=''
am__fastdepCC_TRUE=''
am__fastdepCXX_FALSE=''
am__fastdepCXX_TRUE=''
am__include=''
am__leading_dot='.'
am__quote=''
bindir='${exec_prefix}/bin'
build='clean'
build_alias='clean'
build_cpu=''
build_os=''
build_vendor=''
datadir='${datarootdir}'
datarootdir='${prefix}/share'
docdir='${datarootdir}/doc/${PACKAGE_TARNAME}'
dvidir='${docdir}'
exec_prefix='NONE'
host='clean'
host_alias='clean'
host_cpu=''
host_os=''
host_vendor=''
htmldir='${docdir}'
includedir='${prefix}/include'
infodir='${datarootdir}/info'
install_sh='/home/starlon/Downloads/libvisual-svn/libvisual/branches/starlon/install-sh'
libdir='${exec_prefix}/lib'
libexecdir='${exec_prefix}/libexec'
localedir='${datarootdir}/locale'
localstatedir='${prefix}/var'
mandir='${datarootdir}/man'
oldincludedir='/usr/include'
pdfdir='${docdir}'
prefix='NONE'
program_transform_name='s,x,x,'
psdir='${docdir}'
sbindir='${exec_prefix}/sbin'
sharedstatedir='${prefix}/com'
sysconfdir='${prefix}/etc'
target_alias='clean'

## ----------- ##
## confdefs.h. ##
## ----------- ##

#define PACKAGE_NAME "Libvisual Library"
#define PACKAGE_TARNAME "libvisual"
#define PACKAGE_VERSION "0.4.0"
#define PACKAGE_STRING "Libvisual Library 0.4.0"
#define PACKAGE_BUGREPORT "synap@nerds-incorporated.org"
#define PACKAGE "libvisual"
#define VERSION "0.4.0"

configure: exit 1
